<?xml version="1.0" encoding="UTF-8"?>
<testng-results skipped="0" failed="0" ignored="0" total="1" passed="1">
  <reporter-output>
  </reporter-output>
  <suite name="Surefire suite" duration-ms="762" started-at="2018-02-15T18:36:02Z" finished-at="2018-02-15T18:36:02Z">
    <groups>
      <group name="cucumber">
        <method signature="AbstractTestNGCucumberTests.feature(cucumber.api.testng.CucumberFeatureWrapper)[pri:0, instance:com.test.runner.Runner$TestRunner@71de61eb]" name="feature" class="cucumber.api.testng.AbstractTestNGCucumberTests"/>
      </group> <!-- cucumber -->
    </groups>
    <test name="Surefire test" duration-ms="762" started-at="2018-02-15T18:36:02Z" finished-at="2018-02-15T18:36:02Z">
      <class name="com.test.runner.Runner$TestRunner">
        <test-method status="PASS" signature="setUpClass()[pri:0, instance:com.test.runner.Runner$TestRunner@71de61eb]" name="setUpClass" is-config="true" duration-ms="405" started-at="2018-02-15T18:36:02Z" finished-at="2018-02-15T18:36:02Z">
          <reporter-output>
          </reporter-output>
        </test-method> <!-- setUpClass -->
        <test-method status="PASS" signature="feature(cucumber.api.testng.CucumberFeatureWrapper)[pri:0, instance:com.test.runner.Runner$TestRunner@71de61eb]" name="feature" duration-ms="185" started-at="2018-02-15T18:36:02Z" description="Runs Cucumber Feature" data-provider="features" finished-at="2018-02-15T18:36:02Z">
          <params>
            <param index="0">
              <value>
                <![CDATA[Title of your feature]]>
              </value>
            </param>
          </params>
          <reporter-output>
          </reporter-output>
        </test-method> <!-- feature -->
        <test-method status="PASS" signature="tearDownClass()[pri:0, instance:com.test.runner.Runner$TestRunner@71de61eb]" name="tearDownClass" is-config="true" duration-ms="12" started-at="2018-02-15T18:36:02Z" finished-at="2018-02-15T18:36:02Z">
          <reporter-output>
          </reporter-output>
        </test-method> <!-- tearDownClass -->
      </class> <!-- com.test.runner.Runner$TestRunner -->
    </test> <!-- Surefire test -->
  </suite> <!-- Surefire suite -->
</testng-results>
